[16-Mar-2019 09:01:32] NOTICE: fpm is running, pid 1
[16-Mar-2019 09:01:32] NOTICE: ready to handle connections
[16-Mar-2019 09:01:32] NOTICE: systemd monitor interval set to 10000ms
[16-Mar-2019 09:04:27] NOTICE: Terminating ...
[16-Mar-2019 09:04:27] NOTICE: exiting, bye-bye!
[16-Mar-2019 09:04:34] NOTICE: fpm is running, pid 1
[16-Mar-2019 09:04:34] NOTICE: ready to handle connections
[16-Mar-2019 09:04:34] NOTICE: systemd monitor interval set to 10000ms
[16-Mar-2019 09:06:28] NOTICE: Terminating ...
[16-Mar-2019 09:06:28] NOTICE: exiting, bye-bye!
[16-Mar-2019 09:09:31] NOTICE: fpm is running, pid 1
[16-Mar-2019 09:09:31] NOTICE: ready to handle connections
[16-Mar-2019 09:09:31] NOTICE: systemd monitor interval set to 10000ms
[16-Mar-2019 09:17:03] NOTICE: Terminating ...
[16-Mar-2019 09:17:03] NOTICE: exiting, bye-bye!
[16-Mar-2019 09:17:11] NOTICE: fpm is running, pid 1
[16-Mar-2019 09:17:11] NOTICE: ready to handle connections
[16-Mar-2019 09:17:11] NOTICE: systemd monitor interval set to 10000ms
[16-Mar-2019 09:18:54] NOTICE: Terminating ...
[16-Mar-2019 09:18:54] NOTICE: exiting, bye-bye!
[16-Mar-2019 09:19:02] NOTICE: fpm is running, pid 1
[16-Mar-2019 09:19:02] NOTICE: ready to handle connections
[16-Mar-2019 09:19:02] NOTICE: systemd monitor interval set to 10000ms
[16-Mar-2019 09:19:16] NOTICE: Terminating ...
[16-Mar-2019 09:19:16] NOTICE: exiting, bye-bye!
[16-Mar-2019 09:19:25] NOTICE: fpm is running, pid 1
[16-Mar-2019 09:19:25] NOTICE: ready to handle connections
[16-Mar-2019 09:19:25] NOTICE: systemd monitor interval set to 10000ms
[16-Mar-2019 09:35:20] NOTICE: Terminating ...
[16-Mar-2019 09:35:20] NOTICE: exiting, bye-bye!
[16-Mar-2019 09:35:34] NOTICE: fpm is running, pid 1
[16-Mar-2019 09:35:34] NOTICE: ready to handle connections
[16-Mar-2019 09:35:34] NOTICE: systemd monitor interval set to 10000ms
[16-Mar-2019 09:37:13] NOTICE: Terminating ...
[16-Mar-2019 09:37:13] NOTICE: exiting, bye-bye!
[16-Mar-2019 09:37:23] NOTICE: fpm is running, pid 1
[16-Mar-2019 09:37:23] NOTICE: ready to handle connections
[16-Mar-2019 09:37:23] NOTICE: systemd monitor interval set to 10000ms
[16-Mar-2019 09:39:33] NOTICE: Terminating ...
[16-Mar-2019 09:39:33] NOTICE: exiting, bye-bye!
[16-Mar-2019 09:39:42] NOTICE: fpm is running, pid 1
[16-Mar-2019 09:39:42] NOTICE: ready to handle connections
[16-Mar-2019 09:39:42] NOTICE: systemd monitor interval set to 10000ms
[16-Mar-2019 09:43:09] NOTICE: Terminating ...
[16-Mar-2019 09:43:09] NOTICE: exiting, bye-bye!
[16-Mar-2019 09:43:15] NOTICE: fpm is running, pid 1
[16-Mar-2019 09:43:15] NOTICE: ready to handle connections
[16-Mar-2019 09:43:15] NOTICE: systemd monitor interval set to 10000ms
[16-Mar-2019 09:54:39] NOTICE: Terminating ...
[16-Mar-2019 09:54:39] NOTICE: exiting, bye-bye!
[16-Mar-2019 09:55:44] NOTICE: fpm is running, pid 1
[16-Mar-2019 09:55:44] NOTICE: ready to handle connections
[16-Mar-2019 09:55:44] NOTICE: systemd monitor interval set to 10000ms
[16-Mar-2019 09:55:59] NOTICE: Terminating ...
[16-Mar-2019 09:55:59] NOTICE: exiting, bye-bye!
[16-Mar-2019 09:56:12] NOTICE: fpm is running, pid 1
[16-Mar-2019 09:56:12] NOTICE: ready to handle connections
[16-Mar-2019 09:56:12] NOTICE: systemd monitor interval set to 10000ms
[16-Mar-2019 10:16:29] NOTICE: Terminating ...
[16-Mar-2019 10:16:29] NOTICE: exiting, bye-bye!
[16-Mar-2019 10:18:02] NOTICE: fpm is running, pid 1
[16-Mar-2019 10:18:02] NOTICE: ready to handle connections
[16-Mar-2019 10:18:02] NOTICE: systemd monitor interval set to 10000ms
[16-Mar-2019 10:21:06] NOTICE: fpm is running, pid 1
[16-Mar-2019 10:21:06] NOTICE: ready to handle connections
[16-Mar-2019 10:21:06] NOTICE: systemd monitor interval set to 10000ms
[16-Mar-2019 10:22:20] NOTICE: fpm is running, pid 1
[16-Mar-2019 10:22:20] NOTICE: ready to handle connections
[16-Mar-2019 10:22:20] NOTICE: systemd monitor interval set to 10000ms
[16-Mar-2019 10:22:25] NOTICE: Terminating ...
[16-Mar-2019 10:22:25] NOTICE: exiting, bye-bye!
[16-Mar-2019 10:22:32] NOTICE: fpm is running, pid 1
[16-Mar-2019 10:22:32] NOTICE: ready to handle connections
[16-Mar-2019 10:22:32] NOTICE: systemd monitor interval set to 10000ms
[16-Mar-2019 10:23:37] NOTICE: Terminating ...
[16-Mar-2019 10:23:37] NOTICE: exiting, bye-bye!
[16-Mar-2019 10:23:43] NOTICE: fpm is running, pid 1
[16-Mar-2019 10:23:43] NOTICE: ready to handle connections
[16-Mar-2019 10:23:43] NOTICE: systemd monitor interval set to 10000ms
[16-Mar-2019 10:26:29] NOTICE: Terminating ...
[16-Mar-2019 10:26:29] NOTICE: exiting, bye-bye!
[16-Mar-2019 10:26:41] NOTICE: fpm is running, pid 1
[16-Mar-2019 10:26:41] NOTICE: ready to handle connections
[16-Mar-2019 10:26:41] NOTICE: systemd monitor interval set to 10000ms
[16-Mar-2019 10:28:11] NOTICE: Terminating ...
[16-Mar-2019 10:28:11] NOTICE: exiting, bye-bye!
[16-Mar-2019 10:28:52] NOTICE: fpm is running, pid 1
[16-Mar-2019 10:28:52] NOTICE: ready to handle connections
[16-Mar-2019 10:28:52] NOTICE: systemd monitor interval set to 10000ms
[16-Mar-2019 10:31:26] NOTICE: Terminating ...
[16-Mar-2019 10:31:26] NOTICE: exiting, bye-bye!
[16-Mar-2019 10:31:36] NOTICE: fpm is running, pid 1
[16-Mar-2019 10:31:36] NOTICE: ready to handle connections
[16-Mar-2019 10:31:36] NOTICE: systemd monitor interval set to 10000ms
[16-Mar-2019 10:34:38] NOTICE: Terminating ...
[16-Mar-2019 10:34:38] NOTICE: exiting, bye-bye!
[16-Mar-2019 10:35:14] NOTICE: fpm is running, pid 1
[16-Mar-2019 10:35:14] NOTICE: ready to handle connections
[16-Mar-2019 10:35:14] NOTICE: systemd monitor interval set to 10000ms
[16-Mar-2019 10:50:49] NOTICE: Terminating ...
[16-Mar-2019 10:50:49] NOTICE: exiting, bye-bye!
[16-Mar-2019 10:51:00] NOTICE: fpm is running, pid 1
[16-Mar-2019 10:51:00] NOTICE: ready to handle connections
[16-Mar-2019 10:51:00] NOTICE: systemd monitor interval set to 10000ms
[16-Mar-2019 10:57:57] NOTICE: Terminating ...
[16-Mar-2019 10:57:57] NOTICE: exiting, bye-bye!
[16-Mar-2019 10:58:07] NOTICE: fpm is running, pid 1
[16-Mar-2019 10:58:07] NOTICE: ready to handle connections
[16-Mar-2019 10:58:07] NOTICE: systemd monitor interval set to 10000ms
[16-Mar-2019 11:01:52] NOTICE: Terminating ...
[16-Mar-2019 11:01:52] NOTICE: exiting, bye-bye!
[16-Mar-2019 11:02:05] NOTICE: fpm is running, pid 1
[16-Mar-2019 11:02:05] NOTICE: ready to handle connections
[16-Mar-2019 11:02:05] NOTICE: systemd monitor interval set to 10000ms
[16-Mar-2019 11:03:43] NOTICE: Terminating ...
[16-Mar-2019 11:03:43] NOTICE: exiting, bye-bye!
[16-Mar-2019 11:04:08] NOTICE: fpm is running, pid 1
[16-Mar-2019 11:04:08] NOTICE: ready to handle connections
[16-Mar-2019 11:04:08] NOTICE: systemd monitor interval set to 10000ms
[16-Mar-2019 11:07:34] NOTICE: fpm is running, pid 1
[16-Mar-2019 11:07:34] NOTICE: ready to handle connections
[16-Mar-2019 11:07:34] NOTICE: systemd monitor interval set to 10000ms
[16-Mar-2019 11:07:39] NOTICE: Terminating ...
[16-Mar-2019 11:07:39] NOTICE: exiting, bye-bye!
[16-Mar-2019 11:08:22] NOTICE: fpm is running, pid 1
[16-Mar-2019 11:08:22] NOTICE: ready to handle connections
[16-Mar-2019 11:08:22] NOTICE: systemd monitor interval set to 10000ms
[24-Mar-2019 09:32:52] NOTICE: fpm is running, pid 1
[24-Mar-2019 09:32:52] NOTICE: ready to handle connections
[24-Mar-2019 09:32:52] NOTICE: systemd monitor interval set to 10000ms
[24-Mar-2019 09:42:23] WARNING: [pool www] server reached pm.max_children setting (5), consider raising it
[24-Mar-2019 09:45:59] WARNING: [pool www] server reached pm.max_children setting (5), consider raising it
[24-Mar-2019 09:46:02] WARNING: [pool www] server reached pm.max_children setting (5), consider raising it
[24-Mar-2019 09:50:04] WARNING: [pool www] server reached pm.max_children setting (5), consider raising it
[24-Mar-2019 09:55:37] WARNING: [pool www] server reached pm.max_children setting (5), consider raising it
[24-Mar-2019 09:57:07] WARNING: [pool www] server reached pm.max_children setting (5), consider raising it
[24-Mar-2019 09:58:34] WARNING: [pool www] server reached pm.max_children setting (5), consider raising it
[25-Mar-2019 09:10:14] NOTICE: Terminating ...
[25-Mar-2019 09:10:14] NOTICE: exiting, bye-bye!
[31-Mar-2019 12:12:11] NOTICE: fpm is running, pid 1
[31-Mar-2019 12:12:11] NOTICE: ready to handle connections
[31-Mar-2019 12:12:11] NOTICE: systemd monitor interval set to 10000ms
[31-Mar-2019 14:01:16] WARNING: [pool www] server reached pm.max_children setting (5), consider raising it
[31-Mar-2019 14:01:31] WARNING: [pool www] server reached pm.max_children setting (5), consider raising it
[31-Mar-2019 14:01:38] WARNING: [pool www] server reached pm.max_children setting (5), consider raising it
[31-Mar-2019 14:01:42] WARNING: [pool www] server reached pm.max_children setting (5), consider raising it
[31-Mar-2019 14:01:47] WARNING: [pool www] server reached pm.max_children setting (5), consider raising it
[31-Mar-2019 14:01:51] WARNING: [pool www] server reached pm.max_children setting (5), consider raising it
[31-Mar-2019 14:02:54] WARNING: [pool www] server reached pm.max_children setting (5), consider raising it
[31-Mar-2019 14:06:16] WARNING: [pool www] server reached pm.max_children setting (5), consider raising it
[31-Mar-2019 16:24:11] WARNING: [pool www] server reached pm.max_children setting (5), consider raising it
[31-Mar-2019 16:26:05] WARNING: [pool www] server reached pm.max_children setting (5), consider raising it
[31-Mar-2019 16:26:10] WARNING: [pool www] server reached pm.max_children setting (5), consider raising it
[31-Mar-2019 16:31:46] WARNING: [pool www] server reached pm.max_children setting (5), consider raising it
[31-Mar-2019 16:36:34] WARNING: [pool www] server reached pm.max_children setting (5), consider raising it
[31-Mar-2019 16:36:39] WARNING: [pool www] server reached pm.max_children setting (5), consider raising it
[31-Mar-2019 16:41:00] WARNING: [pool www] server reached pm.max_children setting (5), consider raising it
[31-Mar-2019 17:01:05] WARNING: [pool www] server reached pm.max_children setting (5), consider raising it
[31-Mar-2019 17:01:29] WARNING: [pool www] server reached pm.max_children setting (5), consider raising it
[31-Mar-2019 17:04:32] WARNING: [pool www] server reached pm.max_children setting (5), consider raising it
[31-Mar-2019 17:05:44] WARNING: [pool www] server reached pm.max_children setting (5), consider raising it
[31-Mar-2019 17:07:11] WARNING: [pool www] server reached pm.max_children setting (5), consider raising it
[31-Mar-2019 17:08:36] WARNING: [pool www] server reached pm.max_children setting (5), consider raising it
[31-Mar-2019 17:09:12] WARNING: [pool www] server reached pm.max_children setting (5), consider raising it
[31-Mar-2019 17:09:17] WARNING: [pool www] server reached pm.max_children setting (5), consider raising it
[31-Mar-2019 17:09:33] WARNING: [pool www] server reached pm.max_children setting (5), consider raising it
[31-Mar-2019 17:09:48] WARNING: [pool www] server reached pm.max_children setting (5), consider raising it
[31-Mar-2019 17:10:07] WARNING: [pool www] server reached pm.max_children setting (5), consider raising it
[31-Mar-2019 17:10:17] WARNING: [pool www] server reached pm.max_children setting (5), consider raising it
[31-Mar-2019 17:12:17] WARNING: [pool www] server reached pm.max_children setting (5), consider raising it
[31-Mar-2019 17:13:01] WARNING: [pool www] server reached pm.max_children setting (5), consider raising it
[31-Mar-2019 17:13:17] WARNING: [pool www] server reached pm.max_children setting (5), consider raising it
[31-Mar-2019 17:17:08] WARNING: [pool www] server reached pm.max_children setting (5), consider raising it
